0 info it worked if it ends with ok
1 verbose cli [ 'C:\\Program Files\\nodejs\\node.exe',
1 verbose cli   'C:\\Users\\ee041674\\AppData\\Roaming\\npm\\node_modules\\npm\\bin\\npm-cli.js',
1 verbose cli   'start' ]
2 info using npm@4.0.3
3 info using node@v4.5.0
4 verbose run-script [ 'prestart', 'start', 'poststart' ]
5 info lifecycle healthy-application@1.0.0~prestart: healthy-application@1.0.0
6 silly lifecycle healthy-application@1.0.0~prestart: no script for prestart, continuing
7 info lifecycle healthy-application@1.0.0~start: healthy-application@1.0.0
8 verbose lifecycle healthy-application@1.0.0~start: unsafe-perm in lifecycle true
9 verbose lifecycle healthy-application@1.0.0~start: PATH: C:\Users\ee041674\AppData\Roaming\npm\node_modules\npm\bin\node-gyp-bin;C:\Eduard\Work\GitHub\Healthy\angular\node_modules\.bin;C:\Program Files\ConEmu\ConEmu\Scripts;C:\Program Files\ConEmu;C:\Program Files\ConEmu\ConEmu;C:\Program Files\Siemens\GsmActive\DLL;C:\ProgramData\Oracle\Java\javapath;C:\windows\system32;C:\windows;C:\windows\System32\Wbem;C:\windows\System32\WindowsPowerShell\v1.0\;C:\Program Files (x86)\AccuRev\bin;%JAVA_HOME%;C:\Eduard\Soarian_Work\Tools\EDS;C:\Program Files\nodejs\;C:\Program Files\Git\cmd;C:\Program Files\AccuRev\bin;C:\Program Files\Microsoft SQL Server\120\DTS\Binn\;C:\Program Files\Microsoft SQL Server\Client SDK\ODBC\110\Tools\Binn\;C:\Program Files (x86)\Microsoft SQL Server\120\Tools\Binn\;C:\Program Files\Microsoft SQL Server\120\Tools\Binn\;C:\Program Files (x86)\Microsoft SQL Server\120\Tools\Binn\ManagementStudio\;C:\Program Files (x86)\Microsoft SQL Server\120\DTS\Binn\;C:\Program Files (x86)\WebEx\Productivity Tools;C:\Eduard\SOARIA~1\Tools\SC_Tools\SRN_SE~1\tpv\was8\APPSER~1;C:\Program Files (x86)\scala\bin;C:\Users\ee041674\AppData\Local\Programs\Python\Python35-32\Scripts\;C:\Users\ee041674\AppData\Local\Programs\Python\Python35-32\;C:\Ruby23-x64\bin;C:\Program Files\Ruby23-x64\bin;C:\Users\ee041674\AppData\Roaming\npm;C:\Program Files (x86)\Microsoft VS Code\bin
10 verbose lifecycle healthy-application@1.0.0~start: CWD: C:\Eduard\Work\GitHub\Healthy\angular
11 silly lifecycle healthy-application@1.0.0~start: Args: [ '/d /s /c', 'tsc && concurrently "tsc -w" "lite-server" ' ]
12 silly lifecycle healthy-application@1.0.0~start: Returned: code: 3221225786  signal: null
13 info lifecycle healthy-application@1.0.0~start: Failed to exec start script
14 verbose stack Error: healthy-application@1.0.0 start: `tsc && concurrently "tsc -w" "lite-server" `
14 verbose stack Exit status 3221225786
14 verbose stack     at EventEmitter.<anonymous> (C:\Users\ee041674\AppData\Roaming\npm\node_modules\npm\lib\utils\lifecycle.js:279:16)
14 verbose stack     at emitTwo (events.js:87:13)
14 verbose stack     at EventEmitter.emit (events.js:172:7)
14 verbose stack     at ChildProcess.<anonymous> (C:\Users\ee041674\AppData\Roaming\npm\node_modules\npm\lib\utils\spawn.js:40:14)
14 verbose stack     at emitTwo (events.js:87:13)
14 verbose stack     at ChildProcess.emit (events.js:172:7)
14 verbose stack     at maybeClose (internal/child_process.js:829:16)
14 verbose stack     at Process.ChildProcess._handle.onexit (internal/child_process.js:211:5)
15 verbose pkgid healthy-application@1.0.0
16 verbose cwd C:\Eduard\Work\GitHub\Healthy\angular
17 error Windows_NT 10.0.10586
18 error argv "C:\\Program Files\\nodejs\\node.exe" "C:\\Users\\ee041674\\AppData\\Roaming\\npm\\node_modules\\npm\\bin\\npm-cli.js" "start"
19 error node v4.5.0
20 error npm  v4.0.3
21 error code ELIFECYCLE
22 error healthy-application@1.0.0 start: `tsc && concurrently "tsc -w" "lite-server" `
22 error Exit status 3221225786
23 error Failed at the healthy-application@1.0.0 start script 'tsc && concurrently "tsc -w" "lite-server" '.
23 error Make sure you have the latest version of node.js and npm installed.
23 error If you do, this is most likely a problem with the healthy-application package,
23 error not with npm itself.
23 error Tell the author that this fails on your system:
23 error     tsc && concurrently "tsc -w" "lite-server"
23 error You can get information on how to open an issue for this project with:
23 error     npm bugs healthy-application
23 error Or if that isn't available, you can get their info via:
23 error     npm owner ls healthy-application
23 error There is likely additional logging output above.
24 verbose exit [ 1, true ]
